<?xml version="1.0" encoding="UTF-8" ?>
<testsuite errors="0" failures="0" hostname="hieuttran0411" name="hieuttran.BiMapTest" skipped="0" tests="1" time="0.118" timestamp="2021-11-17T08:59:59">
  <properties>
    <property name="ant.library.dir" value="/usr/local/Cellar/ant/1.10.11/libexec/lib" />
    <property name="ant.file.type" value="file" />
    <property name="java.specification.version" value="17" />
    <property name="ant.project.name" value="auction" />
    <property name="sun.jnu.encoding" value="UTF-8" />
    <property name="java.class.path" value="/usr/local/Cellar/ant/1.10.11/libexec/lib/hamcrest-core-1.3.jar:/Users/mac/Documents/Sophomore year/Software Craft/gis/build:/usr/local/Cellar/ant/1.10.11/libexec/lib/junit-4.13.2.jar:/usr/local/Cellar/ant/1.10.11/libexec/lib/ant-launcher.jar:/usr/local/Cellar/ant/1.10.11/libexec/lib/ant.jar:/usr/local/Cellar/ant/1.10.11/libexec/lib/ant-junit.jar:/usr/local/Cellar/ant/1.10.11/libexec/lib/ant-junit4.jar" />
    <property name="java.vm.vendor" value="Homebrew" />
    <property name="sun.arch.data.model" value="64" />
    <property name="java.vendor.url" value="https://github.com/Homebrew/homebrew-core/issues" />
    <property name="java.vm.specification.version" value="17" />
    <property name="os.name" value="Mac OS X" />
    <property name="sun.java.launcher" value="SUN_STANDARD" />
    <property name="user.country" value="US" />
    <property name="sun.boot.library.path" value="/usr/local/Cellar/openjdk/17/libexec/openjdk.jdk/Contents/Home/lib" />
    <property name="sun.java.command" value="org.apache.tools.ant.taskdefs.optional.junit.JUnitTestRunner hieuttran.BiMapTest skipNonTests=false filtertrace=false haltOnError=false haltOnFailure=false formatter=org.apache.tools.ant.taskdefs.optional.junit.OutErrSummaryJUnitResultFormatter showoutput=false outputtoformatters=true logfailedtests=true threadid=0 logtestlistenerevents=false formatter=org.apache.tools.ant.taskdefs.optional.junit.XMLJUnitResultFormatter,/Users/mac/Documents/Sophomore year/Software Craft/gis/report/junit/TEST-hieuttran.BiMapTest.xml crashfile=/Users/mac/Documents/Sophomore year/Software Craft/gis/junitvmwatcher10560950705664407391.properties propsfile=/Users/mac/Documents/Sophomore year/Software Craft/gis/junit18415900844581233030.properties" />
    <property name="output.dir" value="output" />
    <property name="http.nonProxyHosts" value="local|*.local|169.254/16|*.169.254/16" />
    <property name="jdk.debug" value="release" />
    <property name="sun.cpu.endian" value="little" />
    <property name="user.home" value="/Users/mac" />
    <property name="user.language" value="en" />
    <property name="sun.stderr.encoding" value="UTF-8" />
    <property name="java.specification.vendor" value="Oracle Corporation" />
    <property name="_jacoco.agentFile" value="/var/folders/3w/gg7dtlkn5r1crmgvqt7rvvs80000gn/T/jacocoagent9475410386288508655.jar" />
    <property name="java.version.date" value="2021-09-14" />
    <property name="java.home" value="/usr/local/Cellar/openjdk/17/libexec/openjdk.jdk/Contents/Home" />
    <property name="basedir" value="/Users/mac/Documents/Sophomore year/Software Craft/gis" />
    <property name="file.separator" value="/" />
    <property name="jacoco.file" value="report/jacoco/jacoco.exec" />
    <property name="java.vm.compressedOopsMode" value="Zero based" />
    <property name="sun.stdout.encoding" value="UTF-8" />
    <property name="line.separator" value="&#xa;" />
    <property name="ant.java.version" value="17" />
    <property name="java.specification.name" value="Java Platform API Specification" />
    <property name="java.vm.specification.vendor" value="Oracle Corporation" />
    <property name="doc.dir" value="doc" />
    <property name="ant.file.type.auction" value="file" />
    <property name="sun.management.compiler" value="HotSpot 64-Bit Tiered Compilers" />
    <property name="ftp.nonProxyHosts" value="local|*.local|169.254/16|*.169.254/16" />
    <property name="java.runtime.version" value="17+0" />
    <property name="user.name" value="mac" />
    <property name="ant.file" value="/Users/mac/Documents/Sophomore year/Software Craft/gis/build.xml" />
    <property name="path.separator" value=":" />
    <property name="jacoco.dir" value="report/jacoco" />
    <property name="os.version" value="10.15.7" />
    <property name="java.runtime.name" value="OpenJDK Runtime Environment" />
    <property name="ant.file.auction" value="/Users/mac/Documents/Sophomore year/Software Craft/gis/build.xml" />
    <property name="ant.project.invoked-targets" value="report" />
    <property name="file.encoding" value="UTF-8" />
    <property name="java.vm.name" value="OpenJDK 64-Bit Server VM" />
    <property name="java.vendor.version" value="Homebrew" />
    <property name="report.dir" value="report" />
    <property name="junit.dir" value="report/junit" />
    <property name="ant.core.lib" value="/usr/local/Cellar/ant/1.10.11/libexec/lib/ant.jar" />
    <property name="build.dir" value="build" />
    <property name="java.vendor.url.bug" value="https://github.com/Homebrew/homebrew-core/issues" />
    <property name="java.io.tmpdir" value="/var/folders/3w/gg7dtlkn5r1crmgvqt7rvvs80000gn/T/" />
    <property name="java.version" value="17" />
    <property name="user.dir" value="/Users/mac/Documents/Sophomore year/Software Craft/gis" />
    <property name="os.arch" value="x86_64" />
    <property name="java.vm.specification.name" value="Java Virtual Machine Specification" />
    <property name="output.file" value="output/output.txt" />
    <property name="ant.home" value="/usr/local/Cellar/ant/1.10.11/libexec" />
    <property name="error.file" value="output/error.txt" />
    <property name="native.encoding" value="UTF-8" />
    <property name="ant.version" value="Apache Ant(TM) version 1.10.11 compiled on July 10 2021" />
    <property name="java.library.path" value="/Users/mac/Library/Java/Extensions:/Library/Java/Extensions:/Network/Library/Java/Extensions:/System/Library/Java/Extensions:/usr/lib/java:." />
    <property name="java.vm.info" value="mixed mode, sharing" />
    <property name="java.vendor" value="Homebrew" />
    <property name="java.vm.version" value="17+0" />
    <property name="sun.io.unicode.encoding" value="UnicodeBig" />
    <property name="java.class.version" value="61.0" />
    <property name="socksNonProxyHosts" value="local|*.local|169.254/16|*.169.254/16" />
    <property name="src.dir" value="src" />
  </properties>
  <testcase classname="hieuttran.BiMapTest" name="testSet" time="0.028" />
  <system-out><![CDATA[]]></system-out>
  <system-err><![CDATA[]]></system-err>
</testsuite>
